{"/Users/bartoszlegiec/Projects/fakespot/src/js/actions/badges/index.js": {"path":"/Users/bartoszlegiec/Projects/fakespot/src/js/actions/badges/index.js","statementMap":{"0":{"start":{"line":3,"column":27},"end":{"line":3,"column":50}},"1":{"start":{"line":3,"column":34},"end":{"line":3,"column":49}},"2":{"start":{"line":4,"column":29},"end":{"line":4,"column":68}},"3":{"start":{"line":4,"column":41},"end":{"line":4,"column":67}},"4":{"start":{"line":5,"column":33},"end":{"line":5,"column":77}},"5":{"start":{"line":5,"column":45},"end":{"line":5,"column":76}}},"fnMap":{"0":{"name":"(anonymous_0)","decl":{"start":{"line":3,"column":27},"end":{"line":3,"column":28}},"loc":{"start":{"line":3,"column":34},"end":{"line":3,"column":49}},"line":3},"1":{"name":"(anonymous_1)","decl":{"start":{"line":4,"column":29},"end":{"line":4,"column":30}},"loc":{"start":{"line":4,"column":41},"end":{"line":4,"column":67}},"line":4},"2":{"name":"(anonymous_2)","decl":{"start":{"line":5,"column":33},"end":{"line":5,"column":34}},"loc":{"start":{"line":5,"column":45},"end":{"line":5,"column":76}},"line":5}},"branchMap":{},"s":{"0":1,"1":1,"2":1,"3":1,"4":1,"5":1},"f":{"0":1,"1":1,"2":1},"b":{},"_coverageSchema":"332fd63041d2c1bcb487cc26dd0d5f7d97098a6c","hash":"de74883fdecd6feb40c4736159e5c5f928b12b3e"}
,"/Users/bartoszlegiec/Projects/fakespot/src/js/actions/badges/types.js": {"path":"/Users/bartoszlegiec/Projects/fakespot/src/js/actions/badges/types.js","statementMap":{"0":{"start":{"line":1,"column":21},"end":{"line":1,"column":35}},"1":{"start":{"line":2,"column":23},"end":{"line":2,"column":39}},"2":{"start":{"line":3,"column":28},"end":{"line":3,"column":49}}},"fnMap":{},"branchMap":{},"s":{"0":1,"1":1,"2":1},"f":{},"b":{},"_coverageSchema":"332fd63041d2c1bcb487cc26dd0d5f7d97098a6c","hash":"9bb3736cdc9cbb2c74628906f8f49a9bea738f6c"}
,"/Users/bartoszlegiec/Projects/fakespot/src/js/actions/notifications/index.js": {"path":"/Users/bartoszlegiec/Projects/fakespot/src/js/actions/notifications/index.js","statementMap":{"0":{"start":{"line":3,"column":34},"end":{"line":3,"column":57}},"1":{"start":{"line":3,"column":41},"end":{"line":3,"column":56}},"2":{"start":{"line":4,"column":36},"end":{"line":4,"column":75}},"3":{"start":{"line":4,"column":48},"end":{"line":4,"column":74}},"4":{"start":{"line":5,"column":40},"end":{"line":5,"column":84}},"5":{"start":{"line":5,"column":52},"end":{"line":5,"column":83}}},"fnMap":{"0":{"name":"(anonymous_0)","decl":{"start":{"line":3,"column":34},"end":{"line":3,"column":35}},"loc":{"start":{"line":3,"column":41},"end":{"line":3,"column":56}},"line":3},"1":{"name":"(anonymous_1)","decl":{"start":{"line":4,"column":36},"end":{"line":4,"column":37}},"loc":{"start":{"line":4,"column":48},"end":{"line":4,"column":74}},"line":4},"2":{"name":"(anonymous_2)","decl":{"start":{"line":5,"column":40},"end":{"line":5,"column":41}},"loc":{"start":{"line":5,"column":52},"end":{"line":5,"column":83}},"line":5}},"branchMap":{},"s":{"0":1,"1":1,"2":1,"3":1,"4":1,"5":1},"f":{"0":1,"1":1,"2":1},"b":{},"_coverageSchema":"332fd63041d2c1bcb487cc26dd0d5f7d97098a6c","hash":"00a3a9f5abcf0ca401e3865dba7ea7732dd4a74f"}
,"/Users/bartoszlegiec/Projects/fakespot/src/js/actions/notifications/types.js": {"path":"/Users/bartoszlegiec/Projects/fakespot/src/js/actions/notifications/types.js","statementMap":{"0":{"start":{"line":1,"column":21},"end":{"line":1,"column":42}},"1":{"start":{"line":2,"column":23},"end":{"line":2,"column":46}},"2":{"start":{"line":3,"column":28},"end":{"line":3,"column":56}}},"fnMap":{},"branchMap":{},"s":{"0":1,"1":1,"2":1},"f":{},"b":{},"_coverageSchema":"332fd63041d2c1bcb487cc26dd0d5f7d97098a6c","hash":"f488f63028e26a0b5c4dfa73da040f82e254285b"}
,"/Users/bartoszlegiec/Projects/fakespot/src/js/actions/questions/index.js": {"path":"/Users/bartoszlegiec/Projects/fakespot/src/js/actions/questions/index.js","statementMap":{"0":{"start":{"line":3,"column":30},"end":{"line":3,"column":53}},"1":{"start":{"line":3,"column":37},"end":{"line":3,"column":52}},"2":{"start":{"line":4,"column":32},"end":{"line":4,"column":71}},"3":{"start":{"line":4,"column":44},"end":{"line":4,"column":70}},"4":{"start":{"line":5,"column":36},"end":{"line":5,"column":80}},"5":{"start":{"line":5,"column":48},"end":{"line":5,"column":79}},"6":{"start":{"line":7,"column":31},"end":{"line":8,"column":50}},"7":{"start":{"line":8,"column":3},"end":{"line":8,"column":49}},"8":{"start":{"line":10,"column":35},"end":{"line":10,"column":78}},"9":{"start":{"line":10,"column":47},"end":{"line":10,"column":77}}},"fnMap":{"0":{"name":"(anonymous_0)","decl":{"start":{"line":3,"column":30},"end":{"line":3,"column":31}},"loc":{"start":{"line":3,"column":37},"end":{"line":3,"column":52}},"line":3},"1":{"name":"(anonymous_1)","decl":{"start":{"line":4,"column":32},"end":{"line":4,"column":33}},"loc":{"start":{"line":4,"column":44},"end":{"line":4,"column":70}},"line":4},"2":{"name":"(anonymous_2)","decl":{"start":{"line":5,"column":36},"end":{"line":5,"column":37}},"loc":{"start":{"line":5,"column":48},"end":{"line":5,"column":79}},"line":5},"3":{"name":"(anonymous_3)","decl":{"start":{"line":7,"column":31},"end":{"line":7,"column":32}},"loc":{"start":{"line":8,"column":3},"end":{"line":8,"column":49}},"line":8},"4":{"name":"(anonymous_4)","decl":{"start":{"line":10,"column":35},"end":{"line":10,"column":36}},"loc":{"start":{"line":10,"column":47},"end":{"line":10,"column":77}},"line":10}},"branchMap":{},"s":{"0":1,"1":1,"2":1,"3":1,"4":1,"5":1,"6":1,"7":1,"8":1,"9":1},"f":{"0":1,"1":1,"2":1,"3":1,"4":1},"b":{},"_coverageSchema":"332fd63041d2c1bcb487cc26dd0d5f7d97098a6c","hash":"2d8a1388dff9833ac86eb7ea7f2ad2318492ef4f"}
,"/Users/bartoszlegiec/Projects/fakespot/src/js/actions/questions/types.js": {"path":"/Users/bartoszlegiec/Projects/fakespot/src/js/actions/questions/types.js","statementMap":{"0":{"start":{"line":1,"column":21},"end":{"line":1,"column":37}},"1":{"start":{"line":2,"column":22},"end":{"line":2,"column":39}},"2":{"start":{"line":3,"column":23},"end":{"line":3,"column":41}},"3":{"start":{"line":4,"column":28},"end":{"line":4,"column":51}},"4":{"start":{"line":5,"column":27},"end":{"line":5,"column":49}}},"fnMap":{},"branchMap":{},"s":{"0":1,"1":1,"2":1,"3":1,"4":1},"f":{},"b":{},"_coverageSchema":"332fd63041d2c1bcb487cc26dd0d5f7d97098a6c","hash":"8cda8a472bcd006f136d1593a078f10ae9488e7f"}
,"/Users/bartoszlegiec/Projects/fakespot/src/js/actions/state/index.js": {"path":"/Users/bartoszlegiec/Projects/fakespot/src/js/actions/state/index.js","statementMap":{"0":{"start":{"line":3,"column":29},"end":{"line":3,"column":70}},"1":{"start":{"line":3,"column":41},"end":{"line":3,"column":69}}},"fnMap":{"0":{"name":"(anonymous_0)","decl":{"start":{"line":3,"column":29},"end":{"line":3,"column":30}},"loc":{"start":{"line":3,"column":41},"end":{"line":3,"column":69}},"line":3}},"branchMap":{},"s":{"0":1,"1":1},"f":{"0":1},"b":{},"_coverageSchema":"332fd63041d2c1bcb487cc26dd0d5f7d97098a6c","hash":"8b3fc1b6e612e136391ef96c7408705e26378aeb"}
,"/Users/bartoszlegiec/Projects/fakespot/src/js/actions/state/types.js": {"path":"/Users/bartoszlegiec/Projects/fakespot/src/js/actions/state/types.js","statementMap":{"0":{"start":{"line":1,"column":25},"end":{"line":1,"column":42}}},"fnMap":{},"branchMap":{},"s":{"0":1},"f":{},"b":{},"_coverageSchema":"332fd63041d2c1bcb487cc26dd0d5f7d97098a6c","hash":"d1f903fe00895f0452f000d6847ff5e30706a817"}
,"/Users/bartoszlegiec/Projects/fakespot/src/js/actions/user/index.js": {"path":"/Users/bartoszlegiec/Projects/fakespot/src/js/actions/user/index.js","statementMap":{"0":{"start":{"line":3,"column":25},"end":{"line":3,"column":48}},"1":{"start":{"line":3,"column":32},"end":{"line":3,"column":47}},"2":{"start":{"line":4,"column":27},"end":{"line":4,"column":66}},"3":{"start":{"line":4,"column":39},"end":{"line":4,"column":65}},"4":{"start":{"line":5,"column":31},"end":{"line":5,"column":75}},"5":{"start":{"line":5,"column":43},"end":{"line":5,"column":74}},"6":{"start":{"line":6,"column":36},"end":{"line":6,"column":71}},"7":{"start":{"line":6,"column":43},"end":{"line":6,"column":70}},"8":{"start":{"line":7,"column":29},"end":{"line":7,"column":71}},"9":{"start":{"line":7,"column":41},"end":{"line":7,"column":70}},"10":{"start":{"line":8,"column":46},"end":{"line":8,"column":92}},"11":{"start":{"line":8,"column":53},"end":{"line":8,"column":91}},"12":{"start":{"line":9,"column":29},"end":{"line":9,"column":71}},"13":{"start":{"line":9,"column":41},"end":{"line":9,"column":70}}},"fnMap":{"0":{"name":"(anonymous_0)","decl":{"start":{"line":3,"column":25},"end":{"line":3,"column":26}},"loc":{"start":{"line":3,"column":32},"end":{"line":3,"column":47}},"line":3},"1":{"name":"(anonymous_1)","decl":{"start":{"line":4,"column":27},"end":{"line":4,"column":28}},"loc":{"start":{"line":4,"column":39},"end":{"line":4,"column":65}},"line":4},"2":{"name":"(anonymous_2)","decl":{"start":{"line":5,"column":31},"end":{"line":5,"column":32}},"loc":{"start":{"line":5,"column":43},"end":{"line":5,"column":74}},"line":5},"3":{"name":"(anonymous_3)","decl":{"start":{"line":6,"column":36},"end":{"line":6,"column":37}},"loc":{"start":{"line":6,"column":43},"end":{"line":6,"column":70}},"line":6},"4":{"name":"(anonymous_4)","decl":{"start":{"line":7,"column":29},"end":{"line":7,"column":30}},"loc":{"start":{"line":7,"column":41},"end":{"line":7,"column":70}},"line":7},"5":{"name":"(anonymous_5)","decl":{"start":{"line":8,"column":46},"end":{"line":8,"column":47}},"loc":{"start":{"line":8,"column":53},"end":{"line":8,"column":91}},"line":8},"6":{"name":"(anonymous_6)","decl":{"start":{"line":9,"column":29},"end":{"line":9,"column":30}},"loc":{"start":{"line":9,"column":41},"end":{"line":9,"column":70}},"line":9}},"branchMap":{},"s":{"0":1,"1":1,"2":1,"3":1,"4":1,"5":1,"6":1,"7":1,"8":1,"9":1,"10":1,"11":1,"12":1,"13":1},"f":{"0":1,"1":1,"2":1,"3":1,"4":1,"5":1,"6":1},"b":{},"_coverageSchema":"332fd63041d2c1bcb487cc26dd0d5f7d97098a6c","hash":"bd9f051cfb4812597eef7b4df4c80a25a6ed1641"}
,"/Users/bartoszlegiec/Projects/fakespot/src/js/actions/user/types.js": {"path":"/Users/bartoszlegiec/Projects/fakespot/src/js/actions/user/types.js","statementMap":{"0":{"start":{"line":1,"column":21},"end":{"line":1,"column":33}},"1":{"start":{"line":2,"column":23},"end":{"line":2,"column":37}},"2":{"start":{"line":3,"column":28},"end":{"line":3,"column":47}},"3":{"start":{"line":5,"column":26},"end":{"line":5,"column":43}},"4":{"start":{"line":6,"column":26},"end":{"line":6,"column":43}},"5":{"start":{"line":7,"column":33},"end":{"line":7,"column":57}},"6":{"start":{"line":8,"column":44},"end":{"line":8,"column":79}}},"fnMap":{},"branchMap":{},"s":{"0":1,"1":1,"2":1,"3":1,"4":1,"5":1,"6":1},"f":{},"b":{},"_coverageSchema":"332fd63041d2c1bcb487cc26dd0d5f7d97098a6c","hash":"b4fd4b9e5965530a225c664b005f3f63f54f7c3d"}
,"/Users/bartoszlegiec/Projects/fakespot/src/js/components/Container/index.js": {"path":"/Users/bartoszlegiec/Projects/fakespot/src/js/components/Container/index.js","statementMap":{"0":{"start":{"line":6,"column":18},"end":{"line":13,"column":1}},"1":{"start":{"line":7,"column":2},"end":{"line":12,"column":8}},"2":{"start":{"line":15,"column":0},"end":{"line":18,"column":2}},"3":{"start":{"line":20,"column":0},"end":{"line":23,"column":2}}},"fnMap":{"0":{"name":"(anonymous_0)","decl":{"start":{"line":6,"column":18},"end":{"line":6,"column":19}},"loc":{"start":{"line":7,"column":2},"end":{"line":12,"column":8}},"line":7}},"branchMap":{},"s":{"0":1,"1":4,"2":1,"3":1},"f":{"0":4},"b":{},"_coverageSchema":"332fd63041d2c1bcb487cc26dd0d5f7d97098a6c","hash":"7f0aebc6bef45f9de606618f97bb3225452b1179"}
}
